<?xml version="1.0" encoding="UTF-8"?>
<testsuite name="Tests" tests="1" skipped="0" failures="0" errors="0" timestamp="2021-01-25T07:42:38" hostname="DESKTOP-QJSV38U" time="0.241">
  <properties/>
  <testcase name="start" classname="Tests" time="0.241"/>
  <system-out><![CDATA[?[1;31m
Start test 1?[0m
Hello! My name is Aid.
I was created in 2018.
Please, remind me your name.
> Marry
What a great name you have, Marry!
Let me guess your age.
Enter remainders of dividing your age by 3, 5 and 7.
> 1
> 0
> 5
Your age is 40; that's a good time to start programming!
Now I will prove to you that I can count to any number you want.
> 10
0!
1!
2!
3!
4!
5!
6!
7!
8!
9!
10!
Let's test your programming knowledge.
Why do we use words?
1. To speak. 
2. To sleep.
3. To cry.
4. To smoke.
> 1
Congratulations, have a nice day!
]]></system-out>
  <system-err><![CDATA[]]></system-err>
</testsuite>
